<?xml version="1.0" encoding="UTF-8"?>
<robot generator="Robot 6.1.1 (Python 3.12.1 on win32)" generated="20231226 14:47:10.464" rpa="false" schemaversion="4">
<suite id="s1" name="ExercicioDicionario" source="C:\GITHUB\robot_framework\VariaveisEscoposArgumentos\Pratica\ExercicioDicionario.robot">
<test id="s1-t1" name="Caso de teste" line="7">
<kw name="Imprimir Ano">
<kw name="Log To Console" library="BuiltIn">
<arg>Quantidade de dias Janeiro 2023: ${MES.Janeiro}</arg>
<doc>Logs the given message to the console.</doc>
<status status="PASS" starttime="20231226 14:47:10.558" endtime="20231226 14:47:10.561"/>
</kw>
<kw name="Log To Console" library="BuiltIn">
<arg>Quantidade de dias Fevereiro 2023: ${MES.Fevereiro}</arg>
<doc>Logs the given message to the console.</doc>
<status status="PASS" starttime="20231226 14:47:10.561" endtime="20231226 14:47:10.563"/>
</kw>
<kw name="Log To Console" library="BuiltIn">
<arg>Quantidade de dias Março 2023: ${MES.Março}</arg>
<doc>Logs the given message to the console.</doc>
<status status="PASS" starttime="20231226 14:47:10.565" endtime="20231226 14:47:10.568"/>
</kw>
<kw name="Log To Console" library="BuiltIn">
<arg>Quantidade de dias Abril 2023: ${MES.Abril}</arg>
<doc>Logs the given message to the console.</doc>
<status status="PASS" starttime="20231226 14:47:10.568" endtime="20231226 14:47:10.570"/>
</kw>
<kw name="Log To Console" library="BuiltIn">
<arg>Quantidade de dias Maio 2023: ${MES.Maio}</arg>
<doc>Logs the given message to the console.</doc>
<status status="PASS" starttime="20231226 14:47:10.570" endtime="20231226 14:47:10.572"/>
</kw>
<kw name="Log To Console" library="BuiltIn">
<arg>Quantidade de dias Junho 2023: ${MES.Junho}</arg>
<doc>Logs the given message to the console.</doc>
<status status="PASS" starttime="20231226 14:47:10.573" endtime="20231226 14:47:10.577"/>
</kw>
<kw name="Log To Console" library="BuiltIn">
<arg>Quantidade de dias Julho 2023: ${MES.Julho}</arg>
<doc>Logs the given message to the console.</doc>
<status status="PASS" starttime="20231226 14:47:10.578" endtime="20231226 14:47:10.580"/>
</kw>
<kw name="Log To Console" library="BuiltIn">
<arg>Quantidade de dias Agosto 2023: ${MES.Agosto}</arg>
<doc>Logs the given message to the console.</doc>
<status status="PASS" starttime="20231226 14:47:10.580" endtime="20231226 14:47:10.582"/>
</kw>
<kw name="Log To Console" library="BuiltIn">
<arg>Quantidade de dias Setembro 2023: ${MES.Setembro}</arg>
<doc>Logs the given message to the console.</doc>
<status status="PASS" starttime="20231226 14:47:10.582" endtime="20231226 14:47:10.586"/>
</kw>
<kw name="Log To Console" library="BuiltIn">
<arg>Quantidade de dias Outubro 2023: ${MES.Outubro}</arg>
<doc>Logs the given message to the console.</doc>
<status status="PASS" starttime="20231226 14:47:10.586" endtime="20231226 14:47:10.588"/>
</kw>
<kw name="Log To Console" library="BuiltIn">
<arg>Quantidade de dias Novembro 2023: ${MES.Novembro}</arg>
<doc>Logs the given message to the console.</doc>
<status status="PASS" starttime="20231226 14:47:10.589" endtime="20231226 14:47:10.591"/>
</kw>
<kw name="Log To Console" library="BuiltIn">
<arg>Quantidade de dias Dezembro 2023: ${MES.Dezembro}</arg>
<doc>Logs the given message to the console.</doc>
<status status="PASS" starttime="20231226 14:47:10.591" endtime="20231226 14:47:10.616"/>
</kw>
<status status="PASS" starttime="20231226 14:47:10.558" endtime="20231226 14:47:10.617"/>
</kw>
<status status="PASS" starttime="20231226 14:47:10.557" endtime="20231226 14:47:10.617"/>
</test>
<doc>Exercício proposto</doc>
<status status="PASS" starttime="20231226 14:47:10.469" endtime="20231226 14:47:10.619"/>
</suite>
<statistics>
<total>
<stat pass="1" fail="0" skip="0">All Tests</stat>
</total>
<tag>
</tag>
<suite>
<stat pass="1" fail="0" skip="0" id="s1" name="ExercicioDicionario">ExercicioDicionario</stat>
</suite>
</statistics>
<errors>
</errors>
</robot>
