<?xml version="1.0" encoding="UTF-8"?>
<robot generator="Robot 6.1.1 (Python 3.12.1 on win32)" generated="20231226 15:32:32.920" rpa="false" schemaversion="4">
<suite id="s1" name="ExercicioArguments" source="C:\GITHUB\robot_framework\VariaveisEscoposArgumentos\Pratica\ExercicioArguments.robot">
<test id="s1-t1" name="Recebendo argumentos" line="9">
<kw name="Recebendo Dados">
<var>${EMAIL}</var>
<arg>${DADOS.nome}</arg>
<arg>${DADOS.sobrenome}</arg>
<kw name="Generate Random String" library="String">
<var>${ALEATORIA}</var>
<doc>Generates a string with a desired ``length`` from the given ``chars``.</doc>
<msg timestamp="20231226 15:32:32.998" level="INFO">${ALEATORIA} = m0uxRoXd</msg>
<status status="PASS" starttime="20231226 15:32:32.997" endtime="20231226 15:32:32.998"/>
</kw>
<kw name="Set Variable" library="BuiltIn">
<var>${EMAIL}</var>
<arg>${NOME}${SOBRENOME}${ALEATORIA}${DADOS.email}</arg>
<doc>Returns the given values which can then be assigned to a variables.</doc>
<msg timestamp="20231226 15:32:33.000" level="INFO">${EMAIL} = CinthiaBarbosam0uxRoXd@outlook.com</msg>
<status status="PASS" starttime="20231226 15:32:32.998" endtime="20231226 15:32:33.000"/>
</kw>
<msg timestamp="20231226 15:32:33.000" level="INFO">${EMAIL} = CinthiaBarbosam0uxRoXd@outlook.com</msg>
<status status="PASS" starttime="20231226 15:32:32.995" endtime="20231226 15:32:33.000"/>
</kw>
<kw name="Log To Console" library="BuiltIn">
<arg>${EMAIL}</arg>
<doc>Logs the given message to the console.</doc>
<status status="PASS" starttime="20231226 15:32:33.002" endtime="20231226 15:32:33.003"/>
</kw>
<status status="PASS" starttime="20231226 15:32:32.994" endtime="20231226 15:32:33.003"/>
</test>
<doc>Exercicios com argumentos</doc>
<status status="PASS" starttime="20231226 15:32:32.924" endtime="20231226 15:32:33.005"/>
</suite>
<statistics>
<total>
<stat pass="1" fail="0" skip="0">All Tests</stat>
</total>
<tag>
</tag>
<suite>
<stat pass="1" fail="0" skip="0" id="s1" name="ExercicioArguments">ExercicioArguments</stat>
</suite>
</statistics>
<errors>
</errors>
</robot>
