<?xml version="1.0" encoding="UTF-8"?>
<robot generator="Robot 6.1.1 (Python 3.12.1 on win32)" generated="20231228 20:11:23.663" rpa="false" schemaversion="4">
<suite id="s1" name="Api Testing Usuarios" source="c:\GITHUB\robot_framework\ApiTesting\tests\api_testing_usuarios.robot">
<test id="s1-t1" name="Cenário 01: Cadastrar novo usuário com sucesso na ServeRest" line="8">
<kw name="Criar um usuário novo" library="api_testing_usuario">
<kw name="Generate Random String" library="String">
<var>${palavra_aleatoria}</var>
<arg>length=4</arg>
<arg>chars=[LETTERS]</arg>
<doc>Generates a string with a desired ``length`` from the given ``chars``.</doc>
<msg timestamp="20231228 20:11:23.943" level="INFO">${palavra_aleatoria} = HDZB</msg>
<status status="PASS" starttime="20231228 20:11:23.934" endtime="20231228 20:11:23.946"/>
</kw>
<kw name="Convert To Lower Case" library="String">
<var>${palavra_aleatoria}</var>
<arg>${palavra_aleatoria}</arg>
<doc>Converts string to lower case.</doc>
<msg timestamp="20231228 20:11:23.946" level="INFO">${palavra_aleatoria} = hdzb</msg>
<status status="PASS" starttime="20231228 20:11:23.946" endtime="20231228 20:11:23.946"/>
</kw>
<kw name="Set Test Variable" library="BuiltIn">
<arg>${EMAIL_TESTE}</arg>
<arg>${palavra_aleatoria}@email.com</arg>
<doc>Makes a variable available everywhere within the scope of the current test.</doc>
<msg timestamp="20231228 20:11:23.946" level="INFO">${EMAIL_TESTE} = hdzb@email.com</msg>
<status status="PASS" starttime="20231228 20:11:23.946" endtime="20231228 20:11:23.946"/>
</kw>
<kw name="Log" library="BuiltIn">
<arg>${EMAIL_TESTE}</arg>
<doc>Logs the given message with the given level.</doc>
<msg timestamp="20231228 20:11:23.954" level="INFO">hdzb@email.com</msg>
<status status="PASS" starttime="20231228 20:11:23.946" endtime="20231228 20:11:23.954"/>
</kw>
<status status="PASS" starttime="20231228 20:11:23.934" endtime="20231228 20:11:23.954"/>
</kw>
<status status="PASS" starttime="20231228 20:11:23.934" endtime="20231228 20:11:23.987"/>
</test>
<status status="PASS" starttime="20231228 20:11:23.670" endtime="20231228 20:11:24.004"/>
</suite>
<statistics>
<total>
<stat pass="1" fail="0" skip="0">All Tests</stat>
</total>
<tag>
</tag>
<suite>
<stat pass="1" fail="0" skip="0" id="s1" name="Api Testing Usuarios">Api Testing Usuarios</stat>
</suite>
</statistics>
<errors>
</errors>
</robot>
