<?xml version="1.0" encoding="UTF-8"?>
<robot generator="Robot 6.1.1 (Python 3.12.1 on win32)" generated="20240102 18:37:31.771" rpa="false" schemaversion="4">
<suite id="s1" name="Api Testing Usuarios" source="c:\GITHUB\robot_framework\ApiTesting\tests\api_testing_usuarios.robot">
<test id="s1-t1" name="Cenário 03: Consultar os dados de um novo usuário" line="20">
<kw name="Criar um usuário novo" library="api_testing_usuario">
<kw name="Generate Random String" library="String">
<var>${palavra_aleatoria}</var>
<arg>length=4</arg>
<arg>chars=[LETTERS]</arg>
<doc>Generates a string with a desired ``length`` from the given ``chars``.</doc>
<msg timestamp="20240102 18:37:32.218" level="INFO">${palavra_aleatoria} = EpMF</msg>
<status status="PASS" starttime="20240102 18:37:32.217" endtime="20240102 18:37:32.226"/>
</kw>
<kw name="Convert To Lower Case" library="String">
<var>${palavra_aleatoria}</var>
<arg>${palavra_aleatoria}</arg>
<doc>Converts string to lower case.</doc>
<msg timestamp="20240102 18:37:32.228" level="INFO">${palavra_aleatoria} = epmf</msg>
<status status="PASS" starttime="20240102 18:37:32.227" endtime="20240102 18:37:32.229"/>
</kw>
<kw name="Set Test Variable" library="BuiltIn">
<arg>${EMAIL_TESTE}</arg>
<arg>${palavra_aleatoria}@email.com</arg>
<doc>Makes a variable available everywhere within the scope of the current test.</doc>
<msg timestamp="20240102 18:37:32.233" level="INFO">${EMAIL_TESTE} = epmf@email.com</msg>
<status status="PASS" starttime="20240102 18:37:32.230" endtime="20240102 18:37:32.234"/>
</kw>
<kw name="Log" library="BuiltIn">
<arg>${EMAIL_TESTE}</arg>
<doc>Logs the given message with the given level.</doc>
<msg timestamp="20240102 18:37:32.236" level="INFO">epmf@email.com</msg>
<status status="PASS" starttime="20240102 18:37:32.235" endtime="20240102 18:37:32.236"/>
</kw>
<status status="PASS" starttime="20240102 18:37:32.216" endtime="20240102 18:37:32.237"/>
</kw>
<kw name="Cadastrar o usuário criado na ServerRest" library="api_testing_usuario">
<arg>email=${EMAIL_TESTE}</arg>
<arg>status_code_desejado=201</arg>
<kw name="Create Dictionary" library="BuiltIn">
<var>${body}</var>
<arg>nome=Fulano da Silva</arg>
<arg>email=${EMAIL_TESTE}</arg>
<arg>password=1234</arg>
<arg>administrador=true</arg>
<doc>Creates and returns a dictionary based on the given ``items``.</doc>
<msg timestamp="20240102 18:37:32.243" level="INFO">${body} = {'nome': 'Fulano da Silva', 'email': 'epmf@email.com', 'password': '1234', 'administrador': 'true'}</msg>
<status status="PASS" starttime="20240102 18:37:32.241" endtime="20240102 18:37:32.243"/>
</kw>
<kw name="Criar Sessão na ServerRest" library="api_testing_usuario">
<kw name="Create Dictionary" library="BuiltIn">
<var>${headers}</var>
<arg>accept=application/json</arg>
<arg>Content-Type=application/json</arg>
<doc>Creates and returns a dictionary based on the given ``items``.</doc>
<msg timestamp="20240102 18:37:32.245" level="INFO">${headers} = {'accept': 'application/json', 'Content-Type': 'application/json'}</msg>
<status status="PASS" starttime="20240102 18:37:32.244" endtime="20240102 18:37:32.245"/>
</kw>
<kw name="Create Session" library="RequestsLibrary">
<arg>alias=ServerRest</arg>
<arg>url=https://serverest.dev</arg>
<arg>headers=${headers}</arg>
<doc>Create Session: create a HTTP session to a server</doc>
<msg timestamp="20240102 18:37:32.247" level="INFO">Creating Session using : alias=ServerRest, url=https://serverest.dev, headers={'accept': 'application/json', 'Content-Type': 'application/json'},                     cookies={}, auth=None, timeout=None, proxies=None, verify=False,                     debug=0 </msg>
<status status="PASS" starttime="20240102 18:37:32.246" endtime="20240102 18:37:32.248"/>
</kw>
<status status="PASS" starttime="20240102 18:37:32.243" endtime="20240102 18:37:32.248"/>
</kw>
<kw name="POST On Session" library="RequestsLibrary">
<var>${Resposta}</var>
<arg>alias=ServerRest</arg>
<arg>url=/usuarios</arg>
<arg>json=${body}</arg>
<arg>expected_status=${status_code_desejado}</arg>
<doc>Sends a POST request on a previously created HTTP Session.</doc>
<msg timestamp="20240102 18:37:32.704" level="INFO">POST Request : url=https://serverest.dev/usuarios 
 path_url=/usuarios 
 headers={'User-Agent': 'python-requests/2.31.0', 'Accept-Encoding': 'gzip, deflate', 'accept': 'application/json', 'Connection': 'keep-alive', 'Content-Type': 'application/json', 'Content-Length': '99'} 
 body=b'{"nome": "Fulano da Silva", "email": "epmf@email.com", "password": "1234", "administrador": "true"}' 
 </msg>
<msg timestamp="20240102 18:37:32.705" level="INFO">POST Response : url=https://serverest.dev/usuarios 
 status=201, reason=Created 
 headers={'access-control-allow-origin': '*', 'x-dns-prefetch-control': 'off', 'x-frame-options': 'SAMEORIGIN', 'strict-transport-security': 'max-age=15552000; includeSubDomains', 'x-download-options': 'noopen', 'x-content-type-options': 'nosniff', 'x-xss-protection': '1; mode=block', 'content-type': 'application/json; charset=utf-8', 'X-Cloud-Trace-Context': 'cf3777409e96fc1fe36f20f786a0345a;o=1', 'Date': 'Tue, 02 Jan 2024 21:37:34 GMT', 'Server': 'Google Frontend', 'Content-Length': '82'} 
 body={
    "message": "Cadastro realizado com sucesso",
    "_id": "PEWFuB3C9iKZ1MUG"
} 
 </msg>
<msg timestamp="20240102 18:37:32.706" level="INFO">C:\Users\LENOVO-EQP364\AppData\Local\Programs\Python\Python312\Lib\site-packages\urllib3\connectionpool.py:1099: InsecureRequestWarning: Unverified HTTPS request is being made to host 'serverest.dev'. Adding certificate verification is strongly advised. See: https://urllib3.readthedocs.io/en/latest/advanced-usage.html#tls-warnings
  warnings.warn(</msg>
<msg timestamp="20240102 18:37:32.709" level="INFO">${Resposta} = &lt;Response [201]&gt;</msg>
<status status="PASS" starttime="20240102 18:37:32.249" endtime="20240102 18:37:32.709"/>
</kw>
<kw name="Log" library="BuiltIn">
<arg>${Resposta.json()}</arg>
<doc>Logs the given message with the given level.</doc>
<msg timestamp="20240102 18:37:32.713" level="INFO">{'message': 'Cadastro realizado com sucesso', '_id': 'PEWFuB3C9iKZ1MUG'}</msg>
<status status="PASS" starttime="20240102 18:37:32.710" endtime="20240102 18:37:32.713"/>
</kw>
<if>
<branch type="IF" condition="${Resposta.status_code} == 201">
<kw name="Set Test Variable" library="BuiltIn">
<arg>${ID_USUARIO}</arg>
<arg>${Resposta.json()["_id"]}</arg>
<doc>Makes a variable available everywhere within the scope of the current test.</doc>
<msg timestamp="20240102 18:37:32.722" level="INFO">${ID_USUARIO} = PEWFuB3C9iKZ1MUG</msg>
<status status="PASS" starttime="20240102 18:37:32.716" endtime="20240102 18:37:32.723"/>
</kw>
<status status="PASS" starttime="20240102 18:37:32.714" endtime="20240102 18:37:32.724"/>
</branch>
<status status="PASS" starttime="20240102 18:37:32.714" endtime="20240102 18:37:32.724"/>
</if>
<kw name="Set Test Variable" library="BuiltIn">
<arg>${RESPOSTA}</arg>
<arg>${Resposta.json()}</arg>
<doc>Makes a variable available everywhere within the scope of the current test.</doc>
<msg timestamp="20240102 18:37:32.728" level="INFO">${RESPOSTA} = {'message': 'Cadastro realizado com sucesso', '_id': 'PEWFuB3C9iKZ1MUG'}</msg>
<status status="PASS" starttime="20240102 18:37:32.725" endtime="20240102 18:37:32.729"/>
</kw>
<status status="PASS" starttime="20240102 18:37:32.239" endtime="20240102 18:37:32.729"/>
</kw>
<kw name="Consultar os dados do novo usuário" library="api_testing_usuario">
<kw name="GET On Session" library="RequestsLibrary">
<var>${resposta_consulta}</var>
<arg>alias=ServerRest</arg>
<arg>url=/usuarios/${ID_USUARIO}</arg>
<arg>expected_status=200</arg>
<doc>Sends a GET request on a previously created HTTP Session.</doc>
<msg timestamp="20240102 18:37:32.902" level="INFO">GET Request : url=https://serverest.dev/usuarios/PEWFuB3C9iKZ1MUG 
 path_url=/usuarios/PEWFuB3C9iKZ1MUG 
 headers={'User-Agent': 'python-requests/2.31.0', 'Accept-Encoding': 'gzip, deflate', 'accept': 'application/json', 'Connection': 'keep-alive', 'Content-Type': 'application/json'} 
 body=None 
 </msg>
<msg timestamp="20240102 18:37:32.903" level="INFO">GET Response : url=https://serverest.dev/usuarios/PEWFuB3C9iKZ1MUG 
 status=200, reason=OK 
 headers={'access-control-allow-origin': '*', 'x-dns-prefetch-control': 'off', 'x-frame-options': 'SAMEORIGIN', 'strict-transport-security': 'max-age=15552000; includeSubDomains', 'x-download-options': 'noopen', 'x-content-type-options': 'nosniff', 'x-xss-protection': '1; mode=block', 'content-type': 'application/json; charset=utf-8', 'X-Cloud-Trace-Context': '7975dbdcb28937418bd8ecb938f490e9', 'Date': 'Tue, 02 Jan 2024 21:37:34 GMT', 'Server': 'Google Frontend', 'Content-Length': '148'} 
 body={
    "nome": "Fulano da Silva",
    "email": "epmf@email.com",
    "password": "1234",
    "administrador": "true",
    "_id": "PEWFuB3C9iKZ1MUG"
} 
 </msg>
<msg timestamp="20240102 18:37:32.904" level="INFO">C:\Users\LENOVO-EQP364\AppData\Local\Programs\Python\Python312\Lib\site-packages\urllib3\connectionpool.py:1099: InsecureRequestWarning: Unverified HTTPS request is being made to host 'serverest.dev'. Adding certificate verification is strongly advised. See: https://urllib3.readthedocs.io/en/latest/advanced-usage.html#tls-warnings
  warnings.warn(</msg>
<msg timestamp="20240102 18:37:32.907" level="INFO">${resposta_consulta} = &lt;Response [200]&gt;</msg>
<status status="PASS" starttime="20240102 18:37:32.732" endtime="20240102 18:37:32.907"/>
</kw>
<kw name="Log To Console" library="BuiltIn">
<arg>${resposta_consulta.status_code}</arg>
<doc>Logs the given message to the console.</doc>
<status status="PASS" starttime="20240102 18:37:32.908" endtime="20240102 18:37:32.911"/>
</kw>
<kw name="Log To Console" library="BuiltIn">
<arg>${resposta_consulta.reason}</arg>
<doc>Logs the given message to the console.</doc>
<status status="PASS" starttime="20240102 18:37:32.912" endtime="20240102 18:37:32.914"/>
</kw>
<kw name="Log To Console" library="BuiltIn">
<arg>${resposta_consulta.headers}</arg>
<doc>Logs the given message to the console.</doc>
<status status="PASS" starttime="20240102 18:37:32.915" endtime="20240102 18:37:32.919"/>
</kw>
<kw name="Log To Console" library="BuiltIn">
<arg>${resposta_consulta.elapsed}</arg>
<doc>Logs the given message to the console.</doc>
<status status="PASS" starttime="20240102 18:37:32.920" endtime="20240102 18:37:32.924"/>
</kw>
<kw name="Log To Console" library="BuiltIn">
<arg>${resposta_consulta.text}</arg>
<doc>Logs the given message to the console.</doc>
<status status="PASS" starttime="20240102 18:37:32.925" endtime="20240102 18:37:32.930"/>
</kw>
<kw name="Log To Console" library="BuiltIn">
<arg>${resposta_consulta.json()}</arg>
<doc>Logs the given message to the console.</doc>
<status status="PASS" starttime="20240102 18:37:32.931" endtime="20240102 18:37:32.934"/>
</kw>
<kw name="Set Test Variable" library="BuiltIn">
<arg>${REST_CONSULTA}</arg>
<arg>${resposta_consulta.json()}</arg>
<doc>Makes a variable available everywhere within the scope of the current test.</doc>
<msg timestamp="20240102 18:37:32.940" level="INFO">${REST_CONSULTA} = {'nome': 'Fulano da Silva', 'email': 'epmf@email.com', 'password': '1234', 'administrador': 'true', '_id': 'PEWFuB3C9iKZ1MUG'}</msg>
<status status="PASS" starttime="20240102 18:37:32.935" endtime="20240102 18:37:32.941"/>
</kw>
<status status="PASS" starttime="20240102 18:37:32.731" endtime="20240102 18:37:32.942"/>
</kw>
<kw name="Conferir os dados retornados" library="api_testing_usuario">
<kw name="Log" library="BuiltIn">
<arg>${REST_CONSULTA}</arg>
<doc>Logs the given message with the given level.</doc>
<msg timestamp="20240102 18:37:32.945" level="INFO">{'nome': 'Fulano da Silva', 'email': 'epmf@email.com', 'password': '1234', 'administrador': 'true', '_id': 'PEWFuB3C9iKZ1MUG'}</msg>
<status status="PASS" starttime="20240102 18:37:32.944" endtime="20240102 18:37:32.946"/>
</kw>
<kw name="Dictionary Should Contain Item" library="Collections">
<arg>${REST_CONSULTA}</arg>
<arg>nome</arg>
<arg>Fulano da Silva</arg>
<doc>An item of ``key`` / ``value`` must be found in a ``dictionary``.</doc>
<status status="PASS" starttime="20240102 18:37:32.947" endtime="20240102 18:37:32.948"/>
</kw>
<kw name="Dictionary Should Contain Item" library="Collections">
<arg>${REST_CONSULTA}</arg>
<arg>email</arg>
<arg>${EMAIL_TESTE}</arg>
<doc>An item of ``key`` / ``value`` must be found in a ``dictionary``.</doc>
<status status="PASS" starttime="20240102 18:37:32.949" endtime="20240102 18:37:32.950"/>
</kw>
<kw name="Dictionary Should Contain Item" library="Collections">
<arg>${REST_CONSULTA}</arg>
<arg>password</arg>
<arg>1234</arg>
<doc>An item of ``key`` / ``value`` must be found in a ``dictionary``.</doc>
<status status="PASS" starttime="20240102 18:37:32.950" endtime="20240102 18:37:32.951"/>
</kw>
<kw name="Dictionary Should Contain Item" library="Collections">
<arg>${REST_CONSULTA}</arg>
<arg>administrador</arg>
<arg>true</arg>
<doc>An item of ``key`` / ``value`` must be found in a ``dictionary``.</doc>
<status status="PASS" starttime="20240102 18:37:32.952" endtime="20240102 18:37:32.955"/>
</kw>
<kw name="Dictionary Should Contain Item" library="Collections">
<arg>${REST_CONSULTA}</arg>
<arg>_id</arg>
<arg>${ID_USUARIO}</arg>
<doc>An item of ``key`` / ``value`` must be found in a ``dictionary``.</doc>
<status status="PASS" starttime="20240102 18:37:32.956" endtime="20240102 18:37:32.958"/>
</kw>
<status status="PASS" starttime="20240102 18:37:32.943" endtime="20240102 18:37:32.958"/>
</kw>
<status status="PASS" starttime="20240102 18:37:32.215" endtime="20240102 18:37:32.960"/>
</test>
<status status="PASS" starttime="20240102 18:37:31.786" endtime="20240102 18:37:32.964"/>
</suite>
<statistics>
<total>
<stat pass="1" fail="0" skip="0">All Tests</stat>
</total>
<tag>
</tag>
<suite>
<stat pass="1" fail="0" skip="0" id="s1" name="Api Testing Usuarios">Api Testing Usuarios</stat>
</suite>
</statistics>
<errors>
</errors>
</robot>
