<?xml version="1.0" encoding="UTF-8"?>
<robot generator="Robot 6.1.1 (Python 3.12.1 on win32)" generated="20240102 17:48:01.067" rpa="false" schemaversion="4">
<suite id="s1" name="Api Testing Usuarios" source="c:\GITHUB\robot_framework\ApiTesting\tests\api_testing_usuarios.robot">
<test id="s1-t1" name="Cenário 01: Cadastrar novo usuário com sucesso na ServeRest" line="8">
<kw name="Criar um usuário novo" library="api_testing_usuario">
<kw name="Generate Random String" library="String">
<var>${palavra_aleatoria}</var>
<arg>length=4</arg>
<arg>chars=[LETTERS]</arg>
<doc>Generates a string with a desired ``length`` from the given ``chars``.</doc>
<msg timestamp="20240102 17:48:01.609" level="INFO">${palavra_aleatoria} = Xzwv</msg>
<status status="PASS" starttime="20240102 17:48:01.609" endtime="20240102 17:48:01.618"/>
</kw>
<kw name="Convert To Lower Case" library="String">
<var>${palavra_aleatoria}</var>
<arg>${palavra_aleatoria}</arg>
<doc>Converts string to lower case.</doc>
<msg timestamp="20240102 17:48:01.623" level="INFO">${palavra_aleatoria} = xzwv</msg>
<status status="PASS" starttime="20240102 17:48:01.618" endtime="20240102 17:48:01.623"/>
</kw>
<kw name="Set Test Variable" library="BuiltIn">
<arg>${EMAIL_TESTE}</arg>
<arg>${palavra_aleatoria}@email.com</arg>
<doc>Makes a variable available everywhere within the scope of the current test.</doc>
<msg timestamp="20240102 17:48:01.623" level="INFO">${EMAIL_TESTE} = xzwv@email.com</msg>
<status status="PASS" starttime="20240102 17:48:01.623" endtime="20240102 17:48:01.623"/>
</kw>
<kw name="Log" library="BuiltIn">
<arg>${EMAIL_TESTE}</arg>
<doc>Logs the given message with the given level.</doc>
<msg timestamp="20240102 17:48:01.623" level="INFO">xzwv@email.com</msg>
<status status="PASS" starttime="20240102 17:48:01.623" endtime="20240102 17:48:01.623"/>
</kw>
<status status="PASS" starttime="20240102 17:48:01.603" endtime="20240102 17:48:01.623"/>
</kw>
<kw name="Cadastrar o usuário criado na ServerRest" library="api_testing_usuario">
<kw name="Create Dictionary" library="BuiltIn">
<var>${body}</var>
<arg>nome=Fulano da Silva</arg>
<arg>email=${EMAIL_TESTE}</arg>
<arg>password=1234</arg>
<arg>administrador=true</arg>
<doc>Creates and returns a dictionary based on the given ``items``.</doc>
<msg timestamp="20240102 17:48:01.640" level="INFO">${body} = {'nome': 'Fulano da Silva', 'email': 'xzwv@email.com', 'password': '1234', 'administrador': 'true'}</msg>
<status status="PASS" starttime="20240102 17:48:01.623" endtime="20240102 17:48:01.641"/>
</kw>
<kw name="Criar Sessão na ServerRest" library="api_testing_usuario">
<kw name="Create Dictionary" library="BuiltIn">
<var>${headers}</var>
<arg>accept=application/json</arg>
<arg>Content-Type=application/json</arg>
<doc>Creates and returns a dictionary based on the given ``items``.</doc>
<msg timestamp="20240102 17:48:01.644" level="INFO">${headers} = {'accept': 'application/json', 'Content-Type': 'application/json'}</msg>
<status status="PASS" starttime="20240102 17:48:01.643" endtime="20240102 17:48:01.645"/>
</kw>
<kw name="Create Session" library="RequestsLibrary">
<arg>alias=ServerRest</arg>
<arg>url=https://serverest.dev</arg>
<arg>headers=${headers}</arg>
<doc>Create Session: create a HTTP session to a server</doc>
<msg timestamp="20240102 17:48:01.647" level="INFO">Creating Session using : alias=ServerRest, url=https://serverest.dev, headers={'accept': 'application/json', 'Content-Type': 'application/json'},                     cookies={}, auth=None, timeout=None, proxies=None, verify=False,                     debug=0 </msg>
<status status="PASS" starttime="20240102 17:48:01.645" endtime="20240102 17:48:01.650"/>
</kw>
<status status="PASS" starttime="20240102 17:48:01.641" endtime="20240102 17:48:01.650"/>
</kw>
<kw name="POST On Session" library="RequestsLibrary">
<var>${Resposta}</var>
<arg>alias=ServerRest</arg>
<arg>url=/usuarios</arg>
<arg>json=${body}</arg>
<doc>Sends a POST request on a previously created HTTP Session.</doc>
<msg timestamp="20240102 17:48:02.143" level="INFO">POST Request : url=https://serverest.dev/usuarios 
 path_url=/usuarios 
 headers={'User-Agent': 'python-requests/2.31.0', 'Accept-Encoding': 'gzip, deflate', 'accept': 'application/json', 'Connection': 'keep-alive', 'Content-Type': 'application/json', 'Content-Length': '99'} 
 body=b'{"nome": "Fulano da Silva", "email": "xzwv@email.com", "password": "1234", "administrador": "true"}' 
 </msg>
<msg timestamp="20240102 17:48:02.143" level="INFO">POST Response : url=https://serverest.dev/usuarios 
 status=201, reason=Created 
 headers={'access-control-allow-origin': '*', 'x-dns-prefetch-control': 'off', 'x-frame-options': 'SAMEORIGIN', 'strict-transport-security': 'max-age=15552000; includeSubDomains', 'x-download-options': 'noopen', 'x-content-type-options': 'nosniff', 'x-xss-protection': '1; mode=block', 'content-type': 'application/json; charset=utf-8', 'X-Cloud-Trace-Context': '7ac705c309424cd5d1640d98fd91dddd;o=1', 'Date': 'Tue, 02 Jan 2024 20:48:03 GMT', 'Server': 'Google Frontend', 'Content-Length': '82'} 
 body={
    "message": "Cadastro realizado com sucesso",
    "_id": "W7FyV3X8fAsKabU8"
} 
 </msg>
<msg timestamp="20240102 17:48:02.143" level="INFO">C:\Users\LENOVO-EQP364\AppData\Local\Programs\Python\Python312\Lib\site-packages\urllib3\connectionpool.py:1099: InsecureRequestWarning: Unverified HTTPS request is being made to host 'serverest.dev'. Adding certificate verification is strongly advised. See: https://urllib3.readthedocs.io/en/latest/advanced-usage.html#tls-warnings
  warnings.warn(</msg>
<msg timestamp="20240102 17:48:02.143" level="INFO">${Resposta} = &lt;Response [201]&gt;</msg>
<status status="PASS" starttime="20240102 17:48:01.651" endtime="20240102 17:48:02.149"/>
</kw>
<kw name="Log" library="BuiltIn">
<arg>${Resposta.json()}</arg>
<doc>Logs the given message with the given level.</doc>
<msg timestamp="20240102 17:48:02.153" level="INFO">{'message': 'Cadastro realizado com sucesso', '_id': 'W7FyV3X8fAsKabU8'}</msg>
<status status="PASS" starttime="20240102 17:48:02.150" endtime="20240102 17:48:02.153"/>
</kw>
<kw name="Set Test Variable" library="BuiltIn">
<arg>${RESPOSTA}</arg>
<arg>${Resposta.json()}</arg>
<doc>Makes a variable available everywhere within the scope of the current test.</doc>
<msg timestamp="20240102 17:48:02.153" level="INFO">${RESPOSTA} = {'message': 'Cadastro realizado com sucesso', '_id': 'W7FyV3X8fAsKabU8'}</msg>
<status status="PASS" starttime="20240102 17:48:02.153" endtime="20240102 17:48:02.153"/>
</kw>
<status status="PASS" starttime="20240102 17:48:01.623" endtime="20240102 17:48:02.153"/>
</kw>
<kw name="Conferir se o usuário foi cadastrado corretamente" library="api_testing_usuario">
<kw name="Dictionary Should Contain Item" library="Collections">
<arg>${RESPOSTA}</arg>
<arg>message</arg>
<arg>Cadastro realizado com sucesso</arg>
<doc>An item of ``key`` / ``value`` must be found in a ``dictionary``.</doc>
<status status="PASS" starttime="20240102 17:48:02.153" endtime="20240102 17:48:02.163"/>
</kw>
<kw name="Dictionary Should Contain Key" library="Collections">
<arg>${RESPOSTA}</arg>
<arg>_id</arg>
<doc>Fails if ``key`` is not found from ``dictionary``.</doc>
<status status="PASS" starttime="20240102 17:48:02.163" endtime="20240102 17:48:02.163"/>
</kw>
<status status="PASS" starttime="20240102 17:48:02.153" endtime="20240102 17:48:02.166"/>
</kw>
<status status="PASS" starttime="20240102 17:48:01.603" endtime="20240102 17:48:02.169"/>
</test>
<status status="PASS" starttime="20240102 17:48:01.086" endtime="20240102 17:48:02.173"/>
</suite>
<statistics>
<total>
<stat pass="1" fail="0" skip="0">All Tests</stat>
</total>
<tag>
</tag>
<suite>
<stat pass="1" fail="0" skip="0" id="s1" name="Api Testing Usuarios">Api Testing Usuarios</stat>
</suite>
</statistics>
<errors>
</errors>
</robot>
