<?xml version="1.0" encoding="UTF-8"?>
<robot generator="Robot 6.1.1 (Python 3.12.1 on win32)" generated="20240113 10:35:04.392" rpa="false" schemaversion="4">
<suite id="s1" name="Bdd" source="c:\GITHUB\robot_framework\extracurso\bdd.robot">
<test id="s1-t1" name="Cenário 1: Executar video no site do youtube" line="33">
<kw name="Dado que eu acesso o site do youtube">
<kw name="Open Browser" library="SeleniumLibrary">
<arg>${url}</arg>
<arg>${Browser}</arg>
<doc>Opens a new browser instance to the optional ``url``.</doc>
<msg timestamp="20240113 10:35:05.409" level="INFO">Opening browser 'chrome' to base url 'https://www.youtube.com/'.</msg>
<status status="PASS" starttime="20240113 10:35:05.402" endtime="20240113 10:35:20.015"/>
</kw>
<status status="PASS" starttime="20240113 10:35:05.402" endtime="20240113 10:35:20.017"/>
</kw>
<kw name="Quando digito o nome da musica">
<kw name="Input Text" library="SeleniumLibrary">
<arg>locator=${inputPesquisa}</arg>
<arg>text=${NomeDaMusica}</arg>
<doc>Types the given ``text`` into the text field identified by ``locator``.</doc>
<msg timestamp="20240113 10:35:20.033" level="INFO">Typing text 'Ariana Grande - positions' into text field '//input[contains(@autocapitalize,'none')]'.</msg>
<status status="PASS" starttime="20240113 10:35:20.031" endtime="20240113 10:35:21.732"/>
</kw>
<status status="PASS" starttime="20240113 10:35:20.031" endtime="20240113 10:35:21.732"/>
</kw>
<kw name="E clico no botão buscar">
<kw name="Click Element" library="SeleniumLibrary">
<arg>locator=${buttonPesquisa}</arg>
<doc>Click the element identified by ``locator``.</doc>
<msg timestamp="20240113 10:35:21.740" level="INFO">Clicking element '//button[@class='style-scope ytd-searchbox'][contains(.,'Pesquisar')]'.</msg>
<status status="PASS" starttime="20240113 10:35:21.737" endtime="20240113 10:35:22.301"/>
</kw>
<status status="PASS" starttime="20240113 10:35:21.737" endtime="20240113 10:35:22.302"/>
</kw>
<kw name="E clico na primeira opção da Lista">
<kw name="Wait Until Element Is Visible" library="SeleniumLibrary">
<arg>locator=${video}</arg>
<doc>Waits until the element ``locator`` is visible.</doc>
<status status="PASS" starttime="20240113 10:35:22.304" endtime="20240113 10:35:24.782"/>
</kw>
<kw name="Click Element" library="SeleniumLibrary">
<arg>locator=${video}</arg>
<doc>Click the element identified by ``locator``.</doc>
<msg timestamp="20240113 10:35:24.785" level="INFO">Clicking element '//yt-formatted-string[@class='style-scope ytd-video-renderer'][contains(.,'Ariana Grande - positions')]'.</msg>
<status status="PASS" starttime="20240113 10:35:24.783" endtime="20240113 10:35:26.934"/>
</kw>
<status status="PASS" starttime="20240113 10:35:22.303" endtime="20240113 10:35:26.935"/>
</kw>
<kw name="Então o video é executado">
<kw name="Wait Until Element Is Visible" library="SeleniumLibrary">
<arg>locator=${videoExe}</arg>
<doc>Waits until the element ``locator`` is visible.</doc>
<status status="PASS" starttime="20240113 10:35:26.939" endtime="20240113 10:35:29.589"/>
</kw>
<kw name="Element Should Be Visible" library="SeleniumLibrary">
<arg>locator=${videoExe}</arg>
<doc>Verifies that the element identified by ``locator`` is visible.</doc>
<msg timestamp="20240113 10:35:29.820" level="INFO">Element '//yt-formatted-string[@class='style-scope ytd-watch-metadata'][contains(.,'Ariana Grande - positions')]' is displayed.</msg>
<status status="PASS" starttime="20240113 10:35:29.590" endtime="20240113 10:35:29.822"/>
</kw>
<kw name="Sleep" library="BuiltIn">
<arg>1s</arg>
<doc>Pauses the test executed for the given time.</doc>
<msg timestamp="20240113 10:35:30.823" level="INFO">Slept 1 second</msg>
<status status="PASS" starttime="20240113 10:35:29.822" endtime="20240113 10:35:30.824"/>
</kw>
<kw name="Close Browser" library="SeleniumLibrary">
<doc>Closes the current browser.</doc>
<status status="PASS" starttime="20240113 10:35:30.825" endtime="20240113 10:35:33.459"/>
</kw>
<status status="PASS" starttime="20240113 10:35:26.938" endtime="20240113 10:35:33.459"/>
</kw>
<status status="PASS" starttime="20240113 10:35:05.402" endtime="20240113 10:35:33.462"/>
</test>
<status status="PASS" starttime="20240113 10:35:04.413" endtime="20240113 10:35:33.465"/>
</suite>
<statistics>
<total>
<stat pass="1" fail="0" skip="0">All Tests</stat>
</total>
<tag>
</tag>
<suite>
<stat pass="1" fail="0" skip="0" id="s1" name="Bdd">Bdd</stat>
</suite>
</statistics>
<errors>
</errors>
</robot>
