<?xml version="1.0" encoding="UTF-8"?>
<robot generator="Robot 6.1.1 (Python 3.12.1 on win32)" generated="20240102 18:04:13.463" rpa="false" schemaversion="4">
<suite id="s1" name="Api Testing Usuarios" source="c:\GITHUB\robot_framework\ApiTesting\tests\api_testing_usuarios.robot">
<test id="s1-t1" name="Cenário 02: Cadastrar um usuário já existente" line="13">
<kw name="Criar um usuário novo" library="api_testing_usuario">
<kw name="Generate Random String" library="String">
<var>${palavra_aleatoria}</var>
<arg>length=4</arg>
<arg>chars=[LETTERS]</arg>
<doc>Generates a string with a desired ``length`` from the given ``chars``.</doc>
<msg timestamp="20240102 18:04:14.010" level="INFO">${palavra_aleatoria} = jqdB</msg>
<status status="PASS" starttime="20240102 18:04:14.009" endtime="20240102 18:04:14.018"/>
</kw>
<kw name="Convert To Lower Case" library="String">
<var>${palavra_aleatoria}</var>
<arg>${palavra_aleatoria}</arg>
<doc>Converts string to lower case.</doc>
<msg timestamp="20240102 18:04:14.022" level="INFO">${palavra_aleatoria} = jqdb</msg>
<status status="PASS" starttime="20240102 18:04:14.020" endtime="20240102 18:04:14.022"/>
</kw>
<kw name="Set Test Variable" library="BuiltIn">
<arg>${EMAIL_TESTE}</arg>
<arg>${palavra_aleatoria}@email.com</arg>
<doc>Makes a variable available everywhere within the scope of the current test.</doc>
<msg timestamp="20240102 18:04:14.028" level="INFO">${EMAIL_TESTE} = jqdb@email.com</msg>
<status status="PASS" starttime="20240102 18:04:14.023" endtime="20240102 18:04:14.029"/>
</kw>
<kw name="Log" library="BuiltIn">
<arg>${EMAIL_TESTE}</arg>
<doc>Logs the given message with the given level.</doc>
<msg timestamp="20240102 18:04:14.031" level="INFO">jqdb@email.com</msg>
<status status="PASS" starttime="20240102 18:04:14.030" endtime="20240102 18:04:14.031"/>
</kw>
<status status="PASS" starttime="20240102 18:04:14.008" endtime="20240102 18:04:14.032"/>
</kw>
<kw name="Cadastrar o usuário criado na ServerRest" library="api_testing_usuario">
<arg>email=${EMAIL_TESTE}</arg>
<arg>status_code_desejado=201</arg>
<kw name="Create Dictionary" library="BuiltIn">
<var>${body}</var>
<arg>nome=Fulano da Silva</arg>
<arg>email=${EMAIL_TESTE}</arg>
<arg>password=1234</arg>
<arg>administrador=true</arg>
<doc>Creates and returns a dictionary based on the given ``items``.</doc>
<msg timestamp="20240102 18:04:14.042" level="INFO">${body} = {'nome': 'Fulano da Silva', 'email': 'jqdb@email.com', 'password': '1234', 'administrador': 'true'}</msg>
<status status="PASS" starttime="20240102 18:04:14.040" endtime="20240102 18:04:14.042"/>
</kw>
<kw name="Criar Sessão na ServerRest" library="api_testing_usuario">
<kw name="Create Dictionary" library="BuiltIn">
<var>${headers}</var>
<arg>accept=application/json</arg>
<arg>Content-Type=application/json</arg>
<doc>Creates and returns a dictionary based on the given ``items``.</doc>
<msg timestamp="20240102 18:04:14.045" level="INFO">${headers} = {'accept': 'application/json', 'Content-Type': 'application/json'}</msg>
<status status="PASS" starttime="20240102 18:04:14.044" endtime="20240102 18:04:14.046"/>
</kw>
<kw name="Create Session" library="RequestsLibrary">
<arg>alias=ServerRest</arg>
<arg>url=https://serverest.dev</arg>
<arg>headers=${headers}</arg>
<doc>Create Session: create a HTTP session to a server</doc>
<msg timestamp="20240102 18:04:14.047" level="INFO">Creating Session using : alias=ServerRest, url=https://serverest.dev, headers={'accept': 'application/json', 'Content-Type': 'application/json'},                     cookies={}, auth=None, timeout=None, proxies=None, verify=False,                     debug=0 </msg>
<status status="PASS" starttime="20240102 18:04:14.046" endtime="20240102 18:04:14.051"/>
</kw>
<status status="PASS" starttime="20240102 18:04:14.043" endtime="20240102 18:04:14.051"/>
</kw>
<kw name="POST On Session" library="RequestsLibrary">
<var>${Resposta}</var>
<arg>alias=ServerRest</arg>
<arg>url=/usuarios</arg>
<arg>json=${body}</arg>
<arg>expected_status=${status_code_desejado}</arg>
<doc>Sends a POST request on a previously created HTTP Session.</doc>
<msg timestamp="20240102 18:04:14.528" level="INFO">POST Request : url=https://serverest.dev/usuarios 
 path_url=/usuarios 
 headers={'User-Agent': 'python-requests/2.31.0', 'Accept-Encoding': 'gzip, deflate', 'accept': 'application/json', 'Connection': 'keep-alive', 'Content-Type': 'application/json', 'Content-Length': '99'} 
 body=b'{"nome": "Fulano da Silva", "email": "jqdb@email.com", "password": "1234", "administrador": "true"}' 
 </msg>
<msg timestamp="20240102 18:04:14.529" level="INFO">POST Response : url=https://serverest.dev/usuarios 
 status=201, reason=Created 
 headers={'access-control-allow-origin': '*', 'x-dns-prefetch-control': 'off', 'x-frame-options': 'SAMEORIGIN', 'strict-transport-security': 'max-age=15552000; includeSubDomains', 'x-download-options': 'noopen', 'x-content-type-options': 'nosniff', 'x-xss-protection': '1; mode=block', 'content-type': 'application/json; charset=utf-8', 'X-Cloud-Trace-Context': '7a4f339027d43301db55b5784ba619e0;o=1', 'Date': 'Tue, 02 Jan 2024 21:04:16 GMT', 'Server': 'Google Frontend', 'Content-Length': '82'} 
 body={
    "message": "Cadastro realizado com sucesso",
    "_id": "AgjJjMjqNBIvNhvL"
} 
 </msg>
<msg timestamp="20240102 18:04:14.529" level="INFO">C:\Users\LENOVO-EQP364\AppData\Local\Programs\Python\Python312\Lib\site-packages\urllib3\connectionpool.py:1099: InsecureRequestWarning: Unverified HTTPS request is being made to host 'serverest.dev'. Adding certificate verification is strongly advised. See: https://urllib3.readthedocs.io/en/latest/advanced-usage.html#tls-warnings
  warnings.warn(</msg>
<msg timestamp="20240102 18:04:14.532" level="INFO">${Resposta} = &lt;Response [201]&gt;</msg>
<status status="PASS" starttime="20240102 18:04:14.052" endtime="20240102 18:04:14.532"/>
</kw>
<kw name="Log" library="BuiltIn">
<arg>${Resposta.json()}</arg>
<doc>Logs the given message with the given level.</doc>
<msg timestamp="20240102 18:04:14.536" level="INFO">{'message': 'Cadastro realizado com sucesso', '_id': 'AgjJjMjqNBIvNhvL'}</msg>
<status status="PASS" starttime="20240102 18:04:14.533" endtime="20240102 18:04:14.537"/>
</kw>
<kw name="Set Test Variable" library="BuiltIn">
<arg>${RESPOSTA}</arg>
<arg>${Resposta.json()}</arg>
<doc>Makes a variable available everywhere within the scope of the current test.</doc>
<msg timestamp="20240102 18:04:14.540" level="INFO">${RESPOSTA} = {'message': 'Cadastro realizado com sucesso', '_id': 'AgjJjMjqNBIvNhvL'}</msg>
<status status="PASS" starttime="20240102 18:04:14.538" endtime="20240102 18:04:14.541"/>
</kw>
<status status="PASS" starttime="20240102 18:04:14.037" endtime="20240102 18:04:14.542"/>
</kw>
<kw name="Vou repetir o cadastro do usuário" library="api_testing_usuario">
<kw name="Cadastrar o usuário criado na ServerRest" library="api_testing_usuario">
<arg>email=${EMAIL_TESTE}</arg>
<arg>status_code_desejado=400</arg>
<kw name="Create Dictionary" library="BuiltIn">
<var>${body}</var>
<arg>nome=Fulano da Silva</arg>
<arg>email=${EMAIL_TESTE}</arg>
<arg>password=1234</arg>
<arg>administrador=true</arg>
<doc>Creates and returns a dictionary based on the given ``items``.</doc>
<msg timestamp="20240102 18:04:14.547" level="INFO">${body} = {'nome': 'Fulano da Silva', 'email': 'jqdb@email.com', 'password': '1234', 'administrador': 'true'}</msg>
<status status="PASS" starttime="20240102 18:04:14.545" endtime="20240102 18:04:14.548"/>
</kw>
<kw name="Criar Sessão na ServerRest" library="api_testing_usuario">
<kw name="Create Dictionary" library="BuiltIn">
<var>${headers}</var>
<arg>accept=application/json</arg>
<arg>Content-Type=application/json</arg>
<doc>Creates and returns a dictionary based on the given ``items``.</doc>
<msg timestamp="20240102 18:04:14.551" level="INFO">${headers} = {'accept': 'application/json', 'Content-Type': 'application/json'}</msg>
<status status="PASS" starttime="20240102 18:04:14.549" endtime="20240102 18:04:14.551"/>
</kw>
<kw name="Create Session" library="RequestsLibrary">
<arg>alias=ServerRest</arg>
<arg>url=https://serverest.dev</arg>
<arg>headers=${headers}</arg>
<doc>Create Session: create a HTTP session to a server</doc>
<msg timestamp="20240102 18:04:14.554" level="INFO">Creating Session using : alias=ServerRest, url=https://serverest.dev, headers={'accept': 'application/json', 'Content-Type': 'application/json'},                     cookies={}, auth=None, timeout=None, proxies=None, verify=False,                     debug=0 </msg>
<status status="PASS" starttime="20240102 18:04:14.553" endtime="20240102 18:04:14.556"/>
</kw>
<status status="PASS" starttime="20240102 18:04:14.548" endtime="20240102 18:04:14.557"/>
</kw>
<kw name="POST On Session" library="RequestsLibrary">
<var>${Resposta}</var>
<arg>alias=ServerRest</arg>
<arg>url=/usuarios</arg>
<arg>json=${body}</arg>
<arg>expected_status=${status_code_desejado}</arg>
<doc>Sends a POST request on a previously created HTTP Session.</doc>
<msg timestamp="20240102 18:04:14.999" level="INFO">POST Request : url=https://serverest.dev/usuarios 
 path_url=/usuarios 
 headers={'User-Agent': 'python-requests/2.31.0', 'Accept-Encoding': 'gzip, deflate', 'accept': 'application/json', 'Connection': 'keep-alive', 'Content-Type': 'application/json', 'Content-Length': '99'} 
 body=b'{"nome": "Fulano da Silva", "email": "jqdb@email.com", "password": "1234", "administrador": "true"}' 
 </msg>
<msg timestamp="20240102 18:04:14.999" level="INFO">POST Response : url=https://serverest.dev/usuarios 
 status=400, reason=Bad Request 
 headers={'access-control-allow-origin': '*', 'x-dns-prefetch-control': 'off', 'x-frame-options': 'SAMEORIGIN', 'strict-transport-security': 'max-age=15552000; includeSubDomains', 'x-download-options': 'noopen', 'x-content-type-options': 'nosniff', 'x-xss-protection': '1; mode=block', 'content-type': 'application/json; charset=utf-8', 'X-Cloud-Trace-Context': '6c6deb47aac091bd8949e40c9e991e2f', 'Date': 'Tue, 02 Jan 2024 21:04:16 GMT', 'Server': 'Google Frontend', 'Content-Length': '53'} 
 body={
    "message": "Este email já está sendo usado"
} 
 </msg>
<msg timestamp="20240102 18:04:15.001" level="INFO">C:\Users\LENOVO-EQP364\AppData\Local\Programs\Python\Python312\Lib\site-packages\urllib3\connectionpool.py:1099: InsecureRequestWarning: Unverified HTTPS request is being made to host 'serverest.dev'. Adding certificate verification is strongly advised. See: https://urllib3.readthedocs.io/en/latest/advanced-usage.html#tls-warnings
  warnings.warn(</msg>
<msg timestamp="20240102 18:04:15.003" level="INFO">${Resposta} = &lt;Response [400]&gt;</msg>
<status status="PASS" starttime="20240102 18:04:14.558" endtime="20240102 18:04:15.005"/>
</kw>
<kw name="Log" library="BuiltIn">
<arg>${Resposta.json()}</arg>
<doc>Logs the given message with the given level.</doc>
<msg timestamp="20240102 18:04:15.009" level="INFO">{'message': 'Este email já está sendo usado'}</msg>
<status status="PASS" starttime="20240102 18:04:15.005" endtime="20240102 18:04:15.009"/>
</kw>
<kw name="Set Test Variable" library="BuiltIn">
<arg>${RESPOSTA}</arg>
<arg>${Resposta.json()}</arg>
<doc>Makes a variable available everywhere within the scope of the current test.</doc>
<msg timestamp="20240102 18:04:15.012" level="INFO">${RESPOSTA} = {'message': 'Este email já está sendo usado'}</msg>
<status status="PASS" starttime="20240102 18:04:15.010" endtime="20240102 18:04:15.013"/>
</kw>
<status status="PASS" starttime="20240102 18:04:14.544" endtime="20240102 18:04:15.014"/>
</kw>
<status status="PASS" starttime="20240102 18:04:14.543" endtime="20240102 18:04:15.014"/>
</kw>
<kw name="Verificar se a API não permitiu o cadastro repetido" library="api_testing_usuario">
<kw name="Dictionary Should Contain Item" library="Collections">
<arg>${RESPOSTA}</arg>
<arg>message</arg>
<arg>Este email já está sendo usado</arg>
<doc>An item of ``key`` / ``value`` must be found in a ``dictionary``.</doc>
<status status="PASS" starttime="20240102 18:04:15.016" endtime="20240102 18:04:15.018"/>
</kw>
<status status="PASS" starttime="20240102 18:04:15.015" endtime="20240102 18:04:15.019"/>
</kw>
<status status="PASS" starttime="20240102 18:04:14.006" endtime="20240102 18:04:15.021"/>
</test>
<status status="PASS" starttime="20240102 18:04:13.488" endtime="20240102 18:04:15.026"/>
</suite>
<statistics>
<total>
<stat pass="1" fail="0" skip="0">All Tests</stat>
</total>
<tag>
</tag>
<suite>
<stat pass="1" fail="0" skip="0" id="s1" name="Api Testing Usuarios">Api Testing Usuarios</stat>
</suite>
</statistics>
<errors>
</errors>
</robot>
