<?xml version="1.0" encoding="UTF-8"?>
<robot generator="Robot 6.1.1 (Python 3.12.1 on win32)" generated="20231221 14:54:56.045" rpa="false" schemaversion="4">
<suite id="s1" name="Amazon Testes" source="C:\GITHUB\robot_framework\WebTesting\amazon_testes.robot">
<test id="s1-t1" name="Caso de Teste 01 - Acesso ao menu &quot;Eletrônicos&quot;" line="12">
<kw name="Abrir o navegador" library="amazon_resources" type="SETUP">
<kw name="Open Browser" library="SeleniumLibrary">
<arg>browser=chrome</arg>
<doc>Opens a new browser instance to the optional ``url``.</doc>
<msg timestamp="20231221 14:54:56.610" level="INFO">Opening browser 'chrome' to base url 'None'.</msg>
<status status="PASS" starttime="20231221 14:54:56.610" endtime="20231221 14:54:58.927"/>
</kw>
<kw name="Maximize Browser Window" library="SeleniumLibrary">
<doc>Maximizes current browser window.</doc>
<status status="PASS" starttime="20231221 14:54:58.927" endtime="20231221 14:54:59.061"/>
</kw>
<status status="PASS" starttime="20231221 14:54:56.610" endtime="20231221 14:54:59.061"/>
</kw>
<kw name="Acessar a home page do site Amazon.com.br" library="amazon_resources">
<kw name="Go To" library="SeleniumLibrary">
<arg>url=${URL}</arg>
<doc>Navigates the current browser window to the provided ``url``.</doc>
<msg timestamp="20231221 14:54:59.061" level="INFO">Opening url 'https://www.amazon.com.br'</msg>
<status status="PASS" starttime="20231221 14:54:59.061" endtime="20231221 14:55:01.570"/>
</kw>
<kw name="Wait Until Element Is Visible" library="SeleniumLibrary">
<arg>locator=${MENU_ELETRONICOS}</arg>
<doc>Waits until the element ``locator`` is visible.</doc>
<status status="PASS" starttime="20231221 14:55:01.570" endtime="20231221 14:55:02.361"/>
</kw>
<status status="PASS" starttime="20231221 14:54:59.061" endtime="20231221 14:55:02.361"/>
</kw>
<kw name="Verificar se aparece a frase &quot;Amazon.com.br | Tudo pra você, de A a Z.&quot;" library="amazon_resources" sourcename="Verificar se aparece a frase &quot;${FRASE}&quot;">
<kw name="Wait Until Page Contains" library="SeleniumLibrary">
<arg>text=${FRASE}</arg>
<doc>Waits until ``text`` appears on the current page.</doc>
<status status="PASS" starttime="20231221 14:55:02.363" endtime="20231221 14:55:02.483"/>
</kw>
<kw name="Wait Until Element Is Enabled" library="SeleniumLibrary">
<arg>locator=${HEADER_ELETRONICOS}</arg>
<doc>Waits until the element ``locator`` is enabled.</doc>
<msg timestamp="20231221 14:55:08.122" level="INFO" html="true">&lt;/td&gt;&lt;/tr&gt;&lt;tr&gt;&lt;td colspan="3"&gt;&lt;a href="selenium-screenshot-2.png"&gt;&lt;img src="selenium-screenshot-2.png" width="800px"&gt;&lt;/a&gt;</msg>
<msg timestamp="20231221 14:55:08.122" level="FAIL">Element with locator '//h1[contains(.,'Eletrônicos e Tecnologia')]' not found.</msg>
<status status="FAIL" starttime="20231221 14:55:02.483" endtime="20231221 14:55:08.185"/>
</kw>
<status status="FAIL" starttime="20231221 14:55:02.362" endtime="20231221 14:55:08.185"/>
</kw>
<kw name="Entrar no menu &quot;Eletrônicos&quot;" library="amazon_resources">
<status status="NOT RUN" starttime="20231221 14:55:08.185" endtime="20231221 14:55:08.185"/>
</kw>
<kw name="Verificar se aparece a frase &quot;Eletrônicos e Tecnologia&quot;" library="amazon_resources" sourcename="Verificar se aparece a frase &quot;${FRASE}&quot;">
<status status="NOT RUN" starttime="20231221 14:55:08.185" endtime="20231221 14:55:08.185"/>
</kw>
<kw name="Verificar se o título da página fica &quot;Eletrônicos e Tecnologia | Amazon.com.br&quot;" library="amazon_resources" sourcename="Verificar se o título da página fica &quot;${TITULO}&quot;">
<status status="NOT RUN" starttime="20231221 14:55:08.185" endtime="20231221 14:55:08.185"/>
</kw>
<kw name="Fechar o navegador" library="amazon_resources" type="TEARDOWN">
<kw name="Close Browser" library="SeleniumLibrary">
<doc>Closes the current browser.</doc>
<status status="PASS" starttime="20231221 14:55:08.185" endtime="20231221 14:55:10.510"/>
</kw>
<status status="PASS" starttime="20231221 14:55:08.185" endtime="20231221 14:55:10.510"/>
</kw>
<doc>Esse teste verifica o menu Eletrônicos do site Amazon.
e verifica a categoria Computadores e Informática.</doc>
<tag>categoria</tag>
<tag>menus</tag>
<status status="FAIL" starttime="20231221 14:54:56.610" endtime="20231221 14:55:10.510">Element with locator '//h1[contains(.,'Eletrônicos e Tecnologia')]' not found.</status>
</test>
<doc>Essa suite testa o site da Amazon</doc>
<status status="FAIL" starttime="20231221 14:54:56.060" endtime="20231221 14:55:10.510"/>
</suite>
<statistics>
<total>
<stat pass="0" fail="1" skip="0">All Tests</stat>
</total>
<tag>
<stat pass="0" fail="1" skip="0">categoria</stat>
<stat pass="0" fail="1" skip="0">menus</stat>
</tag>
<suite>
<stat pass="0" fail="1" skip="0" id="s1" name="Amazon Testes">Amazon Testes</stat>
</suite>
</statistics>
<errors>
</errors>
</robot>
