<?xml version="1.0" encoding="UTF-8"?>
<robot generator="Robot 6.1.1 (Python 3.12.1 on win32)" generated="20231221 11:37:14.624" rpa="false" schemaversion="4">
<suite id="s1" name="Amazon Testes" source="C:\GITHUB\RobotFramework\WebTesting\amazon_testes.robot">
<test id="s1-t1" name="Caso de Teste 01 - Acesso ao menu &quot;Eletrônicos&quot;" line="12">
<kw name="Abrir o navegador" library="amazon_resources" type="SETUP">
<kw name="Open Browser" library="SeleniumLibrary">
<arg>browser=chrome</arg>
<doc>Opens a new browser instance to the optional ``url``.</doc>
<msg timestamp="20231221 11:37:15.378" level="INFO">Opening browser 'chrome' to base url 'None'.</msg>
<status status="PASS" starttime="20231221 11:37:15.378" endtime="20231221 11:37:18.066"/>
</kw>
<kw name="Maximize Browser Window" library="SeleniumLibrary">
<doc>Maximizes current browser window.</doc>
<status status="PASS" starttime="20231221 11:37:18.066" endtime="20231221 11:37:18.197"/>
</kw>
<status status="PASS" starttime="20231221 11:37:15.375" endtime="20231221 11:37:18.199"/>
</kw>
<kw name="Acessar a home page do site Amazon.com.br" library="amazon_resources">
<kw name="Go To" library="SeleniumLibrary">
<arg>url=${URL}</arg>
<doc>Navigates the current browser window to the provided ``url``.</doc>
<msg timestamp="20231221 11:37:18.199" level="INFO">Opening url 'https://www.amazon.com.br'</msg>
<status status="PASS" starttime="20231221 11:37:18.199" endtime="20231221 11:37:20.427"/>
</kw>
<kw name="Wait Until Element Is Visible" library="SeleniumLibrary">
<arg>locator=${MENU_ELETRONICOS}</arg>
<doc>Waits until the element ``locator`` is visible.</doc>
<status status="PASS" starttime="20231221 11:37:20.428" endtime="20231221 11:37:21.448"/>
</kw>
<status status="PASS" starttime="20231221 11:37:18.199" endtime="20231221 11:37:21.448"/>
</kw>
<kw name="Fechar o navegador" library="amazon_resources" type="TEARDOWN">
<kw name="Close Browser" library="SeleniumLibrary">
<doc>Closes the current browser.</doc>
<status status="PASS" starttime="20231221 11:37:21.453" endtime="20231221 11:37:23.784"/>
</kw>
<status status="PASS" starttime="20231221 11:37:21.448" endtime="20231221 11:37:23.784"/>
</kw>
<doc>Esse teste verifica o menu Eletrônicos do site Amazon.
e verifica a categoria Computadores e Informática.</doc>
<tag>categoria</tag>
<tag>menus</tag>
<status status="PASS" starttime="20231221 11:37:15.372" endtime="20231221 11:37:23.784"/>
</test>
<doc>Essa suite testa o site da Amazon</doc>
<status status="PASS" starttime="20231221 11:37:14.628" endtime="20231221 11:37:23.784"/>
</suite>
<statistics>
<total>
<stat pass="1" fail="0" skip="0">All Tests</stat>
</total>
<tag>
<stat pass="1" fail="0" skip="0">categoria</stat>
<stat pass="1" fail="0" skip="0">menus</stat>
</tag>
<suite>
<stat pass="1" fail="0" skip="0" id="s1" name="Amazon Testes">Amazon Testes</stat>
</suite>
</statistics>
<errors>
</errors>
</robot>
